<?xml version="1.0" encoding="UTF-8"?>
<!-- Generated by org.testng.reporters.JUnitReportReporter -->
<testsuite hostname="DESKTOP-S8G8MUG" failures="0" tests="1" name="complexDataWithOnlyJsonResponse.JsonDataParsing1" time="2.924" errors="0" timestamp="2024-05-28T01:10:08 IST" skipped="0">
  <testcase classname="complexDataWithOnlyJsonResponse.JsonDataParsing1" name="parsingJsonData" time="2.924"/>
  <system-out/>
</testsuite> <!-- complexDataWithOnlyJsonResponse.JsonDataParsing1 -->
