<?xml version="1.0" encoding="UTF-8"?>
<!-- Generated by org.testng.reporters.JUnitReportReporter -->
<testsuite hostname="DESKTOP-S8G8MUG" failures="0" tests="1" name="requestCreatedOnPostmanMockServer.POST_Request" time="5.943" errors="0" timestamp="2024-06-15T15:55:33 IST" skipped="0">
  <testcase classname="requestCreatedOnPostmanMockServer.POST_Request" name="postRequestMock" time="5.943"/>
  <system-out/>
</testsuite> <!-- requestCreatedOnPostmanMockServer.POST_Request -->
