<?xml version="1.0" encoding="UTF-8"?>
<!-- Generated by org.testng.reporters.JUnitReportReporter -->
<testsuite hostname="DESKTOP-KR2Q3EV" failures="0" tests="1" name="serializationAndDeserializationPost.PostRequest" time="6.487" errors="0" timestamp="2024-10-15T23:32:56 IST" skipped="0">
  <testcase classname="serializationAndDeserializationPost.PostRequest" name="serializationRequest" time="6.487"/>
  <system-out/>
</testsuite> <!-- serializationAndDeserializationPost.PostRequest -->
