<?xml version="1.0" encoding="UTF-8"?>
<!-- Generated by org.testng.reporters.JUnitReportReporter -->
<testsuite hostname="DESKTOP-S8G8MUG" failures="0" tests="1" name="complexData.Get_Users_Data_Fetch_Perticular_Record" time="5.875" errors="0" timestamp="2024-06-16T00:11:59 IST" skipped="0">
  <testcase classname="complexData.Get_Users_Data_Fetch_Perticular_Record" name="Get_Users_Data_And_Fetch_Perticular_Record" time="5.875"/>
  <system-out/>
</testsuite> <!-- complexData.Get_Users_Data_Fetch_Perticular_Record -->
