<?xml version="1.0" encoding="UTF-8"?>
<!-- Generated by org.testng.reporters.JUnitReportReporter -->
<testsuite hostname="DESKTOP-S8G8MUG" failures="0" tests="1" name="practiceBasicRestAssured.PathParameterThroughMethod" time="3.254" errors="0" timestamp="2024-06-16T14:26:49 IST" skipped="0">
  <testcase classname="practiceBasicRestAssured.PathParameterThroughMethod" name="pathParameter" time="3.254"/>
  <system-out/>
</testsuite> <!-- practiceBasicRestAssured.PathParameterThroughMethod -->
