<?xml version="1.0" encoding="UTF-8"?>
<!-- Generated by org.testng.reporters.JUnitReportReporter -->
<testsuite hostname="DESKTOP-S8G8MUG" failures="0" tests="1" name="requestSpecBuilderAndResponseSpecBuilder.RequestSpecAndResponseSpecBuilder" time="3.626" errors="0" timestamp="2024-06-16T15:20:00 IST" skipped="0">
  <testcase classname="requestSpecBuilderAndResponseSpecBuilder.RequestSpecAndResponseSpecBuilder" name="getMethodForReqAndResponseSpecBuilder" time="3.626"/>
  <system-out/>
</testsuite> <!-- requestSpecBuilderAndResponseSpecBuilder.RequestSpecAndResponseSpecBuilder -->
