<?xml version="1.0" encoding="UTF-8"?>
<!-- Generated by org.testng.reporters.JUnitReportReporter -->
<testsuite hostname="DESKTOP-KR2Q3EV" failures="0" tests="1" name="fileUploadAndDownloadUsingAPI.FileDownload_API" time="6.080" errors="0" timestamp="2024-10-14T12:01:34 IST" skipped="0">
  <testcase classname="fileUploadAndDownloadUsingAPI.FileDownload_API" name="fileDownloadAPI" time="6.080"/>
  <system-out/>
</testsuite> <!-- fileUploadAndDownloadUsingAPI.FileDownload_API -->
