<?xml version="1.0" encoding="UTF-8"?>
<!-- Generated by org.testng.reporters.JUnitReportReporter -->
<testsuite hostname="DESKTOP-KR2Q3EV" failures="0" tests="1" name="complexDataSerializationDeserialization.PostRequest" time="6.175" errors="0" timestamp="2024-10-15T23:35:17 IST" skipped="0">
  <testcase classname="complexDataSerializationDeserialization.PostRequest" name="post" time="6.175"/>
  <system-out/>
</testsuite> <!-- complexDataSerializationDeserialization.PostRequest -->
