<?xml version="1.0" encoding="UTF-8"?>
<!-- Generated by org.testng.reporters.JUnitReportReporter -->
<testsuite hostname="DESKTOP-S8G8MUG" failures="0" tests="1" name="serializationAndDeserialization.PostRequest" time="6.614" errors="0" timestamp="2024-06-23T23:12:50 IST" skipped="0">
  <testcase classname="serializationAndDeserialization.PostRequest" name="serializationRequest" time="6.614"/>
  <system-out/>
</testsuite> <!-- serializationAndDeserialization.PostRequest -->
