<?xml version="1.0" encoding="UTF-8"?>
<!-- Generated by org.testng.reporters.JUnitReportReporter -->
<testsuite hostname="DESKTOP-S8G8MUG" failures="0" tests="1" name="basicRestAssured.HEAD_Method" time="4.641" errors="0" timestamp="2024-05-22T19:40:12 IST" skipped="0">
  <testcase classname="basicRestAssured.HEAD_Method" name="headMethod" time="4.641"/>
  <system-out/>
</testsuite> <!-- basicRestAssured.HEAD_Method -->
