<?xml version="1.0" encoding="UTF-8"?>
<!-- Generated by org.testng.reporters.JUnitReportReporter -->
<testsuite hostname="DESKTOP-S8G8MUG" failures="0" tests="1" name="fileUploadAndDownloadUsingAPI.FileUpload" time="9.307" errors="0" timestamp="2024-07-20T22:31:03 IST" skipped="0">
  <testcase classname="fileUploadAndDownloadUsingAPI.FileUpload" name="fileUpload" time="9.307"/>
  <system-out/>
</testsuite> <!-- fileUploadAndDownloadUsingAPI.FileUpload -->
