<?xml version="1.0" encoding="UTF-8"?>
<!-- Generated by org.testng.reporters.JUnitReportReporter -->
<testsuite hostname="DESKTOP-S8G8MUG" failures="0" tests="1" name="passingBodyInObject.BodyThroughObject1" time="7.037" errors="0" timestamp="2024-06-06T20:39:02 IST" skipped="0">
  <testcase classname="passingBodyInObject.BodyThroughObject1" name="objectBody" time="7.037"/>
  <system-out/>
</testsuite> <!-- passingBodyInObject.BodyThroughObject1 -->
