<?xml version="1.0" encoding="UTF-8"?>
<!-- Generated by org.testng.reporters.JUnitReportReporter -->
<testsuite hostname="DESKTOP-KR2Q3EV" failures="0" tests="1" name="authenticationTypes.BasicAuthUsingBasicMethod" time="10.015" errors="0" timestamp="2024-10-14T17:00:26 IST" skipped="0">
  <testcase classname="authenticationTypes.BasicAuthUsingBasicMethod" name="basicAuth" time="10.015"/>
  <system-out/>
</testsuite> <!-- authenticationTypes.BasicAuthUsingBasicMethod -->
