<?xml version="1.0" encoding="UTF-8"?>
<!-- Generated by org.testng.reporters.JUnitReportReporter -->
<testsuite hostname="DESKTOP-S8G8MUG" failures="0" tests="1" name="fileUploadAndDownloadUsingAPI.FileDownload" time="5.853" errors="0" timestamp="2024-06-18T20:42:41 IST" skipped="0">
  <testcase classname="fileUploadAndDownloadUsingAPI.FileDownload" name="fileDownload" time="5.853"/>
  <system-out/>
</testsuite> <!-- fileUploadAndDownloadUsingAPI.FileDownload -->
