<?xml version="1.0" encoding="UTF-8"?>
<!-- Generated by org.testng.reporters.JUnitReportReporter -->
<testsuite hostname="DESKTOP-S8G8MUG" failures="0" tests="1" name="authenticationTypes.BasicAuth" time="6.234" errors="0" timestamp="2024-07-05T22:20:23 IST" skipped="0">
  <testcase classname="authenticationTypes.BasicAuth" name="basicAuth" time="6.234"/>
  <system-out/>
</testsuite> <!-- authenticationTypes.BasicAuth -->
