<?xml version="1.0" encoding="UTF-8"?>
<!-- Generated by org.testng.reporters.JUnitReportReporter -->
<testsuite hostname="DESKTOP-S8G8MUG" failures="0" tests="1" name="requestSpecBuilderAndResponseSpecBuilder.RequestAndResponseSpecBuilder" time="4.213" errors="0" timestamp="2024-06-05T23:12:28 IST" skipped="0">
  <testcase classname="requestSpecBuilderAndResponseSpecBuilder.RequestAndResponseSpecBuilder" name="getWorkspace" time="4.213"/>
  <system-out/>
</testsuite> <!-- requestSpecBuilderAndResponseSpecBuilder.RequestAndResponseSpecBuilder -->
