<?xml version="1.0" encoding="UTF-8"?>
<!-- Generated by org.testng.reporters.JUnitReportReporter -->
<testsuite hostname="DESKTOP-S8G8MUG" failures="0" tests="1" name="basicRestAssured.GetPerticularWorkspace" time="5.151" errors="0" timestamp="2024-05-02T23:56:19 IST" skipped="0">
  <testcase classname="basicRestAssured.GetPerticularWorkspace" name="getSingleWorkspace" time="5.151"/>
  <system-out/>
</testsuite> <!-- basicRestAssured.GetPerticularWorkspace -->
