<?xml version="1.0" encoding="UTF-8"?>
<!-- Generated by org.testng.reporters.JUnitReportReporter -->
<testsuite hostname="DESKTOP-S8G8MUG" failures="0" tests="1" name="basicRestAssured.PostAPIWorkspace" time="5.192" errors="0" timestamp="2024-05-03T23:25:50 IST" skipped="0">
  <testcase classname="basicRestAssured.PostAPIWorkspace" name="CreateWorkspace" time="5.192"/>
  <system-out/>
</testsuite> <!-- basicRestAssured.PostAPIWorkspace -->
