<?xml version="1.0" encoding="UTF-8"?>
<!-- Generated by org.testng.reporters.JUnitReportReporter -->
<testsuite hostname="DESKTOP-S8G8MUG" failures="0" tests="1" name="basicRestAssured.PostReqres" time="4.455" errors="0" timestamp="2024-05-09T23:22:14 IST" skipped="0">
  <testcase classname="basicRestAssured.PostReqres" name="ReqresPost" time="4.455"/>
  <system-out/>
</testsuite> <!-- basicRestAssured.PostReqres -->
