<?xml version="1.0" encoding="UTF-8"?>
<!-- Generated by org.testng.reporters.JUnitReportReporter -->
<testsuite hostname="DESKTOP-S8G8MUG" failures="0" tests="1" name="requestCreatedOnPostmanMockServer.GET_Request" time="5.457" errors="0" timestamp="2024-06-15T15:45:17 IST" skipped="0">
  <testcase classname="requestCreatedOnPostmanMockServer.GET_Request" name="getMockRequest" time="5.457"/>
  <system-out/>
</testsuite> <!-- requestCreatedOnPostmanMockServer.GET_Request -->
