<?xml version="1.0" encoding="UTF-8"?>
<!-- Generated by org.testng.reporters.JUnitReportReporter -->
<testsuite hostname="DESKTOP-S8G8MUG" failures="0" tests="1" name="serializationAndDeseriallisationGetComplexData.MockPostRequestSerializationAndDeserialization" time="7.705" errors="0" timestamp="2024-07-04T21:49:32 IST" skipped="0">
  <testcase classname="serializationAndDeseriallisationGetComplexData.MockPostRequestSerializationAndDeserialization" name="mockpostRequest" time="7.705"/>
  <system-out/>
</testsuite> <!-- serializationAndDeseriallisationGetComplexData.MockPostRequestSerializationAndDeserialization -->
