<?xml version="1.0" encoding="UTF-8"?>
<!-- Generated by org.testng.reporters.JUnitReportReporter -->
<testsuite hostname="DESKTOP-KR2Q3EV" failures="0" tests="1" name="assertionInRestAssured.AssertionUsingHarmCrest" time="19.982" errors="0" timestamp="2024-08-08T11:12:57 GMT-07:00" skipped="0">
  <testcase classname="assertionInRestAssured.AssertionUsingHarmCrest" name="assertionHarmcrest" time="19.982"/>
  <system-out/>
</testsuite> <!-- assertionInRestAssured.AssertionUsingHarmCrest -->
