<?xml version="1.0" encoding="UTF-8"?>
<!-- Generated by org.testng.reporters.JUnitReportReporter -->
<testsuite hostname="DESKTOP-S8G8MUG" failures="0" tests="1" name="passingBodyInObject.BodyThroughObject" time="6.276" errors="0" timestamp="2024-06-06T20:15:28 IST" skipped="0">
  <testcase classname="passingBodyInObject.BodyThroughObject" name="bodyViaObject" time="6.276"/>
  <system-out/>
</testsuite> <!-- passingBodyInObject.BodyThroughObject -->
