<?xml version="1.0" encoding="UTF-8"?>
<!-- Generated by org.testng.reporters.JUnitReportReporter -->
<testsuite hostname="DESKTOP-S8G8MUG" failures="0" tests="1" name="basicRestAssured.SwaggerUICreateUser" time="5.991" errors="0" timestamp="2024-05-08T23:45:15 IST" skipped="0">
  <testcase classname="basicRestAssured.SwaggerUICreateUser" name="post_User_Swagger" time="5.991"/>
  <system-out/>
</testsuite> <!-- basicRestAssured.SwaggerUICreateUser -->
