<?xml version="1.0" encoding="UTF-8"?>
<!-- Generated by org.testng.reporters.JUnitReportReporter -->
<testsuite hostname="DESKTOP-S8G8MUG" failures="0" tests="1" name="practiceBasicRestAssured.PostCreateUser" time="4.378" errors="0" timestamp="2024-06-16T11:40:05 IST" skipped="0">
  <testcase classname="practiceBasicRestAssured.PostCreateUser" name="createUser" time="4.378"/>
  <system-out/>
</testsuite> <!-- practiceBasicRestAssured.PostCreateUser -->
