<?xml version="1.0" encoding="UTF-8"?>
<!-- Generated by org.testng.reporters.JUnitReportReporter -->
<testsuite hostname="DESKTOP-S8G8MUG" failures="0" tests="1" name="restAssured.GetAllUser" time="4.884" errors="0" timestamp="2024-05-02T22:25:40 IST" skipped="0">
  <testcase classname="restAssured.GetAllUser" name="get_All_User" time="4.884"/>
  <system-out/>
</testsuite> <!-- restAssured.GetAllUser -->
