<?xml version="1.0" encoding="UTF-8"?>
<!-- Generated by org.testng.reporters.JUnitReportReporter -->
<testsuite hostname="DESKTOP-S8G8MUG" failures="0" tests="1" name="practiceBasicRestAssured.FetchTheComplexDataFromJson" time="5.204" errors="0" timestamp="2024-06-16T13:13:30 IST" skipped="0">
  <testcase classname="practiceBasicRestAssured.FetchTheComplexDataFromJson" name="fetchDataFromJson" time="5.204"/>
  <system-out/>
</testsuite> <!-- practiceBasicRestAssured.FetchTheComplexDataFromJson -->
