<?xml version="1.0" encoding="UTF-8"?>
<!-- Generated by org.testng.reporters.JUnitReportReporter -->
<testsuite hostname="DESKTOP-S8G8MUG" failures="0" tests="1" name="practiceBasicRestAssured.QueryParameterThroughMethod" time="4.105" errors="0" timestamp="2024-06-16T14:23:06 IST" skipped="0">
  <testcase classname="practiceBasicRestAssured.QueryParameterThroughMethod" name="queryParameter" time="4.105"/>
  <system-out/>
</testsuite> <!-- practiceBasicRestAssured.QueryParameterThroughMethod -->
