<?xml version="1.0" encoding="UTF-8"?>
<!-- Generated by org.testng.reporters.JUnitReportReporter -->
<testsuite hostname="DESKTOP-S8G8MUG" failures="0" tests="1" name="basicRestAssured.PUT_Swagger_RequestToUpdate_User" time="6.111" errors="0" timestamp="2024-05-08T23:54:12 IST" skipped="0">
  <testcase classname="basicRestAssured.PUT_Swagger_RequestToUpdate_User" name="put_Swagger_Request" time="6.111"/>
  <system-out/>
</testsuite> <!-- basicRestAssured.PUT_Swagger_RequestToUpdate_User -->
