<?xml version="1.0" encoding="UTF-8"?>
<!-- Generated by org.testng.reporters.JUnitReportReporter -->
<testsuite hostname="DESKTOP-S8G8MUG" failures="0" tests="1" name="practiceBasicRestAssured.ComplexDataFromAnotherClass" time="2.441" errors="0" timestamp="2024-06-16T13:57:39 IST" skipped="0">
  <testcase classname="practiceBasicRestAssured.ComplexDataFromAnotherClass" name="dataAsObject" time="2.441"/>
  <system-out/>
</testsuite> <!-- practiceBasicRestAssured.ComplexDataFromAnotherClass -->
