<?xml version="1.0" encoding="UTF-8"?>
<!-- Generated by org.testng.reporters.JUnitReportReporter -->
<testsuite hostname="DESKTOP-S8G8MUG" failures="0" tests="1" name="basicRestAssured.PutMethodToUpdate" time="4.972" errors="0" timestamp="2024-05-04T17:50:08 IST" skipped="0">
  <testcase classname="basicRestAssured.PutMethodToUpdate" name="putMethod" time="4.972"/>
  <system-out/>
</testsuite> <!-- basicRestAssured.PutMethodToUpdate -->
