<?xml version="1.0" encoding="UTF-8"?>
<!-- Generated by org.testng.reporters.JUnitReportReporter -->
<testsuite hostname="DESKTOP-S8G8MUG" failures="0" tests="1" name="pathAndQueryParameterSeperately.QueryParmeter" time="3.261" errors="0" timestamp="2024-06-16T14:29:22 IST" skipped="0">
  <testcase classname="pathAndQueryParameterSeperately.QueryParmeter" name="getRequest" time="3.261"/>
  <system-out/>
</testsuite> <!-- pathAndQueryParameterSeperately.QueryParmeter -->
