<?xml version="1.0" encoding="UTF-8"?>
<!-- Generated by org.testng.reporters.JUnitReportReporter -->
<testsuite hostname="DESKTOP-S8G8MUG" failures="0" tests="1" name="serializationAndDeseriallisationGetComplexData.GetRequest" time="8.534" errors="0" timestamp="2024-06-29T13:09:25 IST" skipped="0">
  <testcase classname="serializationAndDeseriallisationGetComplexData.GetRequest" name="getRequest" time="8.534"/>
  <system-out/>
</testsuite> <!-- serializationAndDeseriallisationGetComplexData.GetRequest -->
