<?xml version="1.0" encoding="UTF-8"?>
<!-- Generated by org.testng.reporters.JUnitReportReporter -->
<testsuite hostname="DESKTOP-S8G8MUG" failures="0" tests="1" name="complexDataUsingJSONFile.ComplexDataHandle" time="0.039" errors="0" timestamp="2024-06-09T17:32:13 IST" skipped="0">
  <testcase classname="complexDataUsingJSONFile.ComplexDataHandle" name="payload" time="0.039"/>
  <system-out/>
</testsuite> <!-- complexDataUsingJSONFile.ComplexDataHandle -->
