<?xml version="1.0" encoding="UTF-8"?>
<!-- Generated by org.testng.reporters.JUnitReportReporter -->
<testsuite hostname="DESKTOP-S8G8MUG" failures="0" tests="1" name="practiceBasicRestAssured.Get_MethodSwaggerLogOut" time="4.310" errors="0" timestamp="2024-06-16T11:31:11 IST" skipped="0">
  <testcase classname="practiceBasicRestAssured.Get_MethodSwaggerLogOut" name="logout" time="4.310"/>
  <system-out/>
</testsuite> <!-- practiceBasicRestAssured.Get_MethodSwaggerLogOut -->
