<?xml version="1.0" encoding="UTF-8"?>
<!-- Generated by org.testng.reporters.JUnitReportReporter -->
<testsuite hostname="DESKTOP-S8G8MUG" failures="0" tests="1" name="authenticationTypes.BearerToken" time="5.367" errors="0" timestamp="2024-07-20T22:29:49 IST" skipped="0">
  <testcase classname="authenticationTypes.BearerToken" name="bearerTokenRequest" time="5.367"/>
  <system-out/>
</testsuite> <!-- authenticationTypes.BearerToken -->
