<?xml version="1.0" encoding="UTF-8"?>
<!-- Generated by org.testng.reporters.JUnitReportReporter -->
<testsuite hostname="DESKTOP-S8G8MUG" failures="0" tests="1" name="basicRestAssured.GetAllUser" time="4.183" errors="0" timestamp="2024-07-20T22:38:47 IST" skipped="0">
  <testcase classname="basicRestAssured.GetAllUser" name="get_All_User" time="4.183"/>
  <system-out/>
</testsuite> <!-- basicRestAssured.GetAllUser -->
