<?xml version="1.0" encoding="UTF-8"?>
<!-- Generated by org.testng.reporters.JUnitReportReporter -->
<testsuite hostname="DESKTOP-S8G8MUG" failures="0" tests="1" name="passingBodyInObject.PostSampleRequestAPIForBody" time="3.879" errors="0" timestamp="2024-06-06T21:10:52 IST" skipped="0">
  <testcase classname="passingBodyInObject.PostSampleRequestAPIForBody" name="postSampleForBody" time="3.879"/>
  <system-out/>
</testsuite> <!-- passingBodyInObject.PostSampleRequestAPIForBody -->
