<?xml version="1.0" encoding="UTF-8"?>
<!-- Generated by org.testng.reporters.JUnitReportReporter -->
<testsuite hostname="DESKTOP-S8G8MUG" failures="0" tests="1" name="authenticationTypes.APIKey" time="5.636" errors="0" timestamp="2024-07-20T22:37:36 IST" skipped="0">
  <testcase classname="authenticationTypes.APIKey" name="getLogsFromRequest" time="5.636"/>
  <system-out/>
</testsuite> <!-- authenticationTypes.APIKey -->
