<?xml version="1.0" encoding="UTF-8"?>
<!-- Generated by org.testng.reporters.JUnitReportReporter -->
<testsuite hostname="DESKTOP-S8G8MUG" failures="0" tests="1" name="serializationAndDeseriallisationGetComplexData.GET_Pet_By_Id" time="8.430" errors="0" timestamp="2024-07-04T21:25:11 IST" skipped="0">
  <testcase classname="serializationAndDeseriallisationGetComplexData.GET_Pet_By_Id" name="getPetById" time="8.430"/>
  <system-out/>
</testsuite> <!-- serializationAndDeseriallisationGetComplexData.GET_Pet_By_Id -->
