<?xml version="1.0" encoding="UTF-8"?>
<!-- Generated by org.testng.reporters.JUnitReportReporter -->
<testsuite hostname="DESKTOP-S8G8MUG" failures="0" tests="1" name="basicRestAssured.GetWorkspaces" time="5.215" errors="0" timestamp="2024-05-03T23:10:16 IST" skipped="0">
  <testcase classname="basicRestAssured.GetWorkspaces" name="getAllWorkspaces" time="5.215"/>
  <system-out/>
</testsuite> <!-- basicRestAssured.GetWorkspaces -->
