<?xml version="1.0" encoding="UTF-8"?>
<!-- Generated by org.testng.reporters.JUnitReportReporter -->
<testsuite hostname="DESKTOP-S8G8MUG" failures="0" tests="1" name="requestCreatedOnPostmanMockServer.PostRequestForComplexData" time="6.164" errors="0" timestamp="2024-06-15T16:12:27 IST" skipped="0">
  <testcase classname="requestCreatedOnPostmanMockServer.PostRequestForComplexData" name="postComplexRequest" time="6.164"/>
  <system-out/>
</testsuite> <!-- requestCreatedOnPostmanMockServer.PostRequestForComplexData -->
