<?xml version="1.0" encoding="UTF-8"?>
<!-- Generated by org.testng.reporters.JUnitReportReporter -->
<testsuite hostname="DESKTOP-S8G8MUG" failures="0" tests="1" name="takeLogFromRequestAndResponse.Logs" time="4.938" errors="0" timestamp="2024-05-28T22:40:01 IST" skipped="0">
  <testcase classname="takeLogFromRequestAndResponse.Logs" name="getLogsFromRequest" time="4.938"/>
  <system-out/>
</testsuite> <!-- takeLogFromRequestAndResponse.Logs -->
